<?xml version="1.0" encoding="UTF-8"?>
<!-- Generated by org.testng.reporters.JUnitReportReporter -->
<testsuite skipped="0" hostname="DESKTOP-DUMKM8B" name="qa.Test.TeacherLoginHomePageTest" tests="1" failures="0" timestamp="01 Mar 2019 17:15:53 GMT" time="16.686" errors="0">
  <testcase name="teacherHome" time="16.686" classname="qa.Test.TeacherLoginHomePageTest"/>
</testsuite> <!-- qa.Test.TeacherLoginHomePageTest -->
