<?xml version="1.0" encoding="UTF-8"?>
<!-- Generated by org.testng.reporters.JUnitReportReporter -->
<testsuite skipped="0" hostname="DESKTOP-DUMKM8B" name="qa.Test.AdminHomePageTest" tests="1" failures="0" timestamp="01 Mar 2019 16:43:02 GMT" time="17.319" errors="0">
  <testcase name="adminhome" time="17.319" classname="qa.Test.AdminHomePageTest"/>
</testsuite> <!-- qa.Test.AdminHomePageTest -->
