<?xml version="1.0" encoding="UTF-8"?>
<!-- Generated by org.testng.reporters.JUnitReportReporter -->
<testsuite skipped="0" hostname="DESKTOP-DUMKM8B" name="qa.Test.HomePageTest" tests="4" failures="0" timestamp="28 Feb 2019 12:12:28 GMT" time="50.464" errors="0">
  <testcase name="tcAdmin" time="11.317" classname="qa.Test.HomePageTest"/>
  <testcase name="tcTacher" time="12.599" classname="qa.Test.HomePageTest"/>
  <testcase name="tcParent" time="12.849" classname="qa.Test.HomePageTest"/>
  <testcase name="tcStudent" time="13.699" classname="qa.Test.HomePageTest"/>
</testsuite> <!-- qa.Test.HomePageTest -->
