<?xml version="1.0" encoding="UTF-8"?>
<!-- Generated by org.testng.reporters.JUnitReportReporter -->
<testsuite skipped="0" hostname="DESKTOP-DUMKM8B" name="qa.Test.TeacherLoginTest" tests="1" failures="0" timestamp="01 Mar 2019 16:44:49 GMT" time="16.764" errors="0">
  <testcase name="techerLogin" time="16.764" classname="qa.Test.TeacherLoginTest"/>
</testsuite> <!-- qa.Test.TeacherLoginTest -->
